[12:00:00] ===== Pipeline start =====
[12:00:00] Activating conda environment: sports_trading
[12:00:02] Running scrape.py...
Fetching points...
Fetching rebounds...
Fetching assists...
Fetching threes...
Fetching double_double...
Fetching triple_double...
Saved archive: /home/ubuntu/Kalshi_Strats/Draftkings-Scraper/player-props-pregame/dk_props_20260315_120024.json
Saved latest:  /home/ubuntu/Kalshi_Strats/Draftkings-Scraper/player-props-pregame/dk_props_latest.json
  points: 715 selections
  rebounds: 686 selections
  assists: 551 selections
  threes: 394 selections
  double_double: 67 selections
  triple_double: 17 selections
[12:00:24] scrape.py complete
[12:00:24] Running build_csv.js...
  points (Points): 715 selections
  rebounds (Rebounds): 686 selections
  assists (Assists): 551 selections
  threes (3-Pointers Made): 394 selections
  double_double (Double Double): 67 selections
  triple_double (Triple Double): 17 selections

Total rows: 2430 -> 03-15-26_props.csv
[12:00:24] build_csv.js complete
[12:00:24] ===== Pipeline done =====
